<?xml version="1.0" encoding="UTF-8"?>
<!-- Generated by org.testng.reporters.JUnitReportReporter -->
<testsuite skipped="0" hostname="A-PC" name="com.mystore.testcases.OrderPageTest" tests="1" failures="0" timestamp="2022-08-14T11:18:45 IST" time="52.131" errors="0">
  <testcase name="verifyProductPrice" time="52.131" classname="com.mystore.testcases.OrderPageTest"/>
  <system-out/>
</testsuite> <!-- com.mystore.testcases.OrderPageTest -->
