<?xml version="1.0" encoding="UTF-8"?>
<!-- Generated by org.testng.reporters.JUnitReportReporter -->
<testsuite skipped="0" hostname="A-PC" name="com.mystore.testcases.AddToCardPageTest" tests="1" failures="0" timestamp="2022-08-14T11:18:45 IST" time="27.649" errors="0">
  <testcase name="addToCardTest" time="27.649" classname="com.mystore.testcases.AddToCardPageTest"/>
  <system-out/>
</testsuite> <!-- com.mystore.testcases.AddToCardPageTest -->
