<?xml version="1.0" encoding="UTF-8"?>
<!-- Generated by org.testng.reporters.JUnitReportReporter -->
<testsuite skipped="0" hostname="A-PC" name="com.mystore.testcases.HomePageTest" tests="2" failures="0" timestamp="2022-08-14T11:18:45 IST" time="46.025" errors="0">
  <testcase name="wishListTest" time="23.214" classname="com.mystore.testcases.HomePageTest"/>
  <system-out/>
  <testcase name="orderHistoryandDetailsTest" time="22.811" classname="com.mystore.testcases.HomePageTest"/>
  <system-out/>
</testsuite> <!-- com.mystore.testcases.HomePageTest -->
