<?xml version="1.0" encoding="UTF-8"?>
<!-- Generated by org.testng.reporters.JUnitReportReporter -->
<testsuite skipped="0" hostname="A-PC" name="com.mystore.testcases.IndexPageTest" tests="2" failures="0" timestamp="2022-08-14T11:18:45 IST" time="26.907" errors="0">
  <testcase name="verifyLogo" time="13.134" classname="com.mystore.testcases.IndexPageTest"/>
  <system-out/>
  <testcase name="verifyTitle" time="13.773" classname="com.mystore.testcases.IndexPageTest"/>
  <system-out/>
</testsuite> <!-- com.mystore.testcases.IndexPageTest -->
