<?xml version="1.0" encoding="UTF-8"?>
<!-- Generated by org.testng.reporters.JUnitReportReporter -->
<testsuite skipped="0" hostname="A-PC" name="com.mystore.testcases.IndexTestPage" tests="2" failures="0" timestamp="18 Jun 2022 19:33:32 GMT" time="64.647" errors="0">
  <testcase name="verifyLogo" time="31.495" classname="com.mystore.testcases.IndexTestPage"/>
  <testcase name="verifyTitle" time="33.152" classname="com.mystore.testcases.IndexTestPage"/>
</testsuite> <!-- com.mystore.testcases.IndexTestPage -->
